<?xml version="1.0" encoding="UTF-8"?>
<!-- Generated by org.testng.reporters.JUnitReportReporter -->
<testsuite hostname="DESKTOP-HN4CNBF" failures="0" tests="3" name="cucumberOptions.TestNGTestRunner" time="31.843" errors="0" timestamp="2024-01-16T19:43:36 IST" skipped="0">
  <testcase classname="cucumberOptions.TestNGTestRunner" name="runScenario" time="9.466"/>
  <system-out/>
  <testcase classname="cucumberOptions.TestNGTestRunner" name="runScenario" time="11.478"/>
  <system-out/>
  <testcase classname="cucumberOptions.TestNGTestRunner" name="runScenario" time="10.899"/>
  <system-out/>
</testsuite> <!-- cucumberOptions.TestNGTestRunner -->
